android/build/outputs/logs/manifest-merger-debug-report.txt
-- Merging decision tree log ---
manifest
ADDED from TSPAndroid/android/AndroidManifest.xml:2:1-44:12
	xmlns:android
		ADDED from TSPAndroid/android/AndroidManifest.xml:2:11-69
	package
		ADDED from TSPAndroid/android/AndroidManifest.xml:3:5-29
		INJECTED from TSPAndroid/android/AndroidManifest.xml
		INJECTED from TSPAndroid/android/AndroidManifest.xml
	android:versionName
		ADDED from TSPAndroid/android/AndroidManifest.xml:5:5-30
		INJECTED from TSPAndroid/android/AndroidManifest.xml
		INJECTED from TSPAndroid/android/AndroidManifest.xml
	android:versionCode
		ADDED from TSPAndroid/android/AndroidManifest.xml:4:5-28
		INJECTED from TSPAndroid/android/AndroidManifest.xml
		INJECTED from TSPAndroid/android/AndroidManifest.xml
uses-sdk
ADDED from TSPAndroid/android/AndroidManifest.xml:7:5-73
	android:targetSdkVersion
		ADDED from TSPAndroid/android/AndroidManifest.xml:7:41-70
		INJECTED from TSPAndroid/android/AndroidManifest.xml
		INJECTED from TSPAndroid/android/AndroidManifest.xml
	android:minSdkVersion
		ADDED from TSPAndroid/android/AndroidManifest.xml:7:15-40
		INJECTED from TSPAndroid/android/AndroidManifest.xml
		INJECTED from TSPAndroid/android/AndroidManifest.xml
application
ADDED from TSPAndroid/android/AndroidManifest.xml:9:5-42:19
	android:label
		ADDED from TSPAndroid/android/AndroidManifest.xml:12:9-41
	android:allowBackup
		ADDED from TSPAndroid/android/AndroidManifest.xml:10:9-35
	android:icon
		ADDED from TSPAndroid/android/AndroidManifest.xml:11:9-45
	android:theme
		ADDED from TSPAndroid/android/AndroidManifest.xml:13:9-40
activity#com.tspandroid.AndroidLauncher
ADDED from TSPAndroid/android/AndroidManifest.xml:14:9-18:53
	android:screenOrientation
		ADDED from TSPAndroid/android/AndroidManifest.xml:18:13-50
	android:label
		ADDED from TSPAndroid/android/AndroidManifest.xml:17:13-45
	android:configChanges
		ADDED from TSPAndroid/android/AndroidManifest.xml:16:13-83
	android:name
		ADDED from TSPAndroid/android/AndroidManifest.xml:15:13-44
activity#com.tspandroid.SplashScreen
ADDED from TSPAndroid/android/AndroidManifest.xml:19:9-28:20
	android:screenOrientation
		ADDED from TSPAndroid/android/AndroidManifest.xml:22:13-50
	android:label
		ADDED from TSPAndroid/android/AndroidManifest.xml:21:13-65
	android:name
		ADDED from TSPAndroid/android/AndroidManifest.xml:20:13-41
intent-filter#android.intent.action.MAIN+android.intent.category.LAUNCHER
ADDED from TSPAndroid/android/AndroidManifest.xml:23:13-27:29
action#android.intent.action.MAIN
ADDED from TSPAndroid/android/AndroidManifest.xml:24:17-69
	android:name
		ADDED from TSPAndroid/android/AndroidManifest.xml:24:25-66
category#android.intent.category.LAUNCHER
ADDED from TSPAndroid/android/AndroidManifest.xml:26:17-77
	android:name
		ADDED from TSPAndroid/android/AndroidManifest.xml:26:27-74
activity#com.tspandroid.MainScreen
ADDED from TSPAndroid/android/AndroidManifest.xml:29:9-32:53
	android:screenOrientation
		ADDED from TSPAndroid/android/AndroidManifest.xml:32:13-50
	android:label
		ADDED from TSPAndroid/android/AndroidManifest.xml:31:13-63
	android:name
		ADDED from TSPAndroid/android/AndroidManifest.xml:30:13-39
activity#com.tspandroid.InfoScreen
ADDED from TSPAndroid/android/AndroidManifest.xml:33:9-41:20
	android:screenOrientation
		ADDED from TSPAndroid/android/AndroidManifest.xml:37:13-50
	android:label
		ADDED from TSPAndroid/android/AndroidManifest.xml:35:13-63
	android:parentActivityName
		ADDED from TSPAndroid/android/AndroidManifest.xml:36:13-53
	android:name
		ADDED from TSPAndroid/android/AndroidManifest.xml:34:13-39
meta-data#android.support.PARENT_ACTIVITY
ADDED from TSPAndroid/android/AndroidManifest.xml:38:13-40:61
	android:name
		ADDED from TSPAndroid/android/AndroidManifest.xml:39:17-63
	android:value
		ADDED from TSPAndroid/android/AndroidManifest.xml:40:17-58